<?xml version="1.0" encoding="UTF-8"?>
<!-- Generated by org.testng.reporters.JUnitXMLReporter -->
<testsuite ignored="10" hostname="DESKTOP-4FG52A2" failures="3" tests="3" name="Email" time="0.012" errors="0" timestamp="2023-03-30T14:04:58 CEST">
  <testcase classname="etherscandemo.main" name="invalidEmail" time="0.001">
    <failure type="java.lang.NullPointerException" message="Cannot invoke &amp;quot;org.openqa.selenium.WebDriver.findElement(org.openqa.selenium.By)&amp;quot; because &amp;quot;driver&amp;quot; is null">
      <![CDATA[java.lang.NullPointerException: Cannot invoke "org.openqa.selenium.WebDriver.findElement(org.openqa.selenium.By)" because "driver" is null
at pages.EtherscanPage.find(EtherscanPage.java:42)
at pages.EtherscanPage.type(EtherscanPage.java:51)
at etherscandemo.main.invalidEmail(main.java:59)
at java.base/java.util.ArrayList.forEach(ArrayList.java:1511)
... Removed 25 stack frames]]>
    </failure>
  </testcase> <!-- invalidEmail -->
  <testcase classname="etherscandemo.main" name="invalidEmailWithConfirmation" time="0.001">
    <failure type="java.lang.NullPointerException" message="Cannot invoke &amp;quot;org.openqa.selenium.WebDriver.findElement(org.openqa.selenium.By)&amp;quot; because &amp;quot;driver&amp;quot; is null">
      <![CDATA[java.lang.NullPointerException: Cannot invoke "org.openqa.selenium.WebDriver.findElement(org.openqa.selenium.By)" because "driver" is null
at pages.EtherscanPage.find(EtherscanPage.java:42)
at pages.EtherscanPage.type(EtherscanPage.java:51)
at etherscandemo.main.invalidEmailWithConfirmation(main.java:73)
at java.base/java.util.ArrayList.forEach(ArrayList.java:1511)
... Removed 25 stack frames]]>
    </failure>
  </testcase> <!-- invalidEmailWithConfirmation -->
  <testcase classname="etherscandemo.main" name="validEmail" time="0.001">
    <failure type="java.lang.NullPointerException" message="Cannot invoke &amp;quot;org.openqa.selenium.WebDriver.findElement(org.openqa.selenium.By)&amp;quot; because &amp;quot;driver&amp;quot; is null">
      <![CDATA[java.lang.NullPointerException: Cannot invoke "org.openqa.selenium.WebDriver.findElement(org.openqa.selenium.By)" because "driver" is null
at pages.EtherscanPage.find(EtherscanPage.java:42)
at pages.EtherscanPage.type(EtherscanPage.java:51)
at etherscandemo.main.validEmail(main.java:66)
at java.base/java.util.ArrayList.forEach(ArrayList.java:1511)
... Removed 25 stack frames]]>
    </failure>
  </testcase> <!-- validEmail -->
  <testcase classname="etherscandemo.main" name="fullLoginWithoutCaptcha" time="0.0">
    <ignored/>
  </testcase> <!-- fullLoginWithoutCaptcha -->
  <testcase classname="etherscandemo.main" name="fullLoginFalseEmail" time="0.0">
    <ignored/>
  </testcase> <!-- fullLoginFalseEmail -->
  <testcase classname="etherscandemo.main" name="wrongPasswordConfirmation" time="0.0">
    <ignored/>
  </testcase> <!-- wrongPasswordConfirmation -->
  <testcase classname="etherscandemo.main" name="fullLogin" time="0.0">
    <ignored/>
  </testcase> <!-- fullLogin -->
  <testcase classname="etherscandemo.main" name="emptyClick" time="0.0">
    <ignored/>
  </testcase> <!-- emptyClick -->
  <testcase classname="etherscandemo.main" name="shortUsername" time="0.0">
    <ignored/>
  </testcase> <!-- shortUsername -->
  <testcase classname="etherscandemo.main" name="registrationWithExistingUsername" time="0.0">
    <ignored/>
  </testcase> <!-- registrationWithExistingUsername -->
  <testcase classname="etherscandemo.main" name="validUsername" time="0.0">
    <ignored/>
  </testcase> <!-- validUsername -->
  <testcase classname="etherscandemo.main" name="nonAlphanumericUsername" time="0.0">
    <ignored/>
  </testcase> <!-- nonAlphanumericUsername -->
  <testcase classname="etherscandemo.main" name="shortPassword" time="0.0">
    <ignored/>
  </testcase> <!-- shortPassword -->
</testsuite> <!-- Email -->
