<?xml version="1.0" encoding="UTF-8"?>
<!-- Generated by org.testng.reporters.JUnitXMLReporter -->
<testsuite ignored="9" hostname="DESKTOP-4FG52A2" failures="4" tests="4" name="Registration" time="0.015" errors="0" timestamp="2023-03-30T14:04:59 CEST">
  <testcase classname="etherscandemo.main" name="fullLogin" time="0.002">
    <failure type="java.lang.NullPointerException" message="Cannot invoke &amp;quot;org.openqa.selenium.WebDriver.findElement(org.openqa.selenium.By)&amp;quot; because &amp;quot;driver&amp;quot; is null">
      <![CDATA[java.lang.NullPointerException: Cannot invoke "org.openqa.selenium.WebDriver.findElement(org.openqa.selenium.By)" because "driver" is null
at pages.EtherscanPage.find(EtherscanPage.java:42)
at pages.EtherscanPage.click(EtherscanPage.java:47)
at etherscandemo.main.fullLogin(main.java:124)
at java.base/java.util.ArrayList.forEach(ArrayList.java:1511)
... Removed 25 stack frames]]>
    </failure>
  </testcase> <!-- fullLogin -->
  <testcase classname="etherscandemo.main" name="fullLoginFalseEmail" time="0.002">
    <failure type="java.lang.NullPointerException" message="Cannot invoke &amp;quot;org.openqa.selenium.WebDriver.findElement(org.openqa.selenium.By)&amp;quot; because &amp;quot;driver&amp;quot; is null">
      <![CDATA[java.lang.NullPointerException: Cannot invoke "org.openqa.selenium.WebDriver.findElement(org.openqa.selenium.By)" because "driver" is null
at pages.EtherscanPage.find(EtherscanPage.java:42)
at pages.EtherscanPage.click(EtherscanPage.java:47)
at etherscandemo.main.fullLoginFalseEmail(main.java:98)
at java.base/java.util.ArrayList.forEach(ArrayList.java:1511)
... Removed 25 stack frames]]>
    </failure>
  </testcase> <!-- fullLoginFalseEmail -->
  <testcase classname="etherscandemo.main" name="fullLoginWithoutCaptcha" time="0.002">
    <failure type="java.lang.NullPointerException" message="Cannot invoke &amp;quot;org.openqa.selenium.WebDriver.findElement(org.openqa.selenium.By)&amp;quot; because &amp;quot;driver&amp;quot; is null">
      <![CDATA[java.lang.NullPointerException: Cannot invoke "org.openqa.selenium.WebDriver.findElement(org.openqa.selenium.By)" because "driver" is null
at pages.EtherscanPage.find(EtherscanPage.java:42)
at pages.EtherscanPage.click(EtherscanPage.java:47)
at etherscandemo.main.fullLoginWithoutCaptcha(main.java:84)
at java.base/java.util.ArrayList.forEach(ArrayList.java:1511)
... Removed 25 stack frames]]>
    </failure>
  </testcase> <!-- fullLoginWithoutCaptcha -->
  <testcase classname="etherscandemo.main" name="registrationWithExistingUsername" time="0.002">
    <failure type="java.lang.NullPointerException" message="Cannot invoke &amp;quot;org.openqa.selenium.WebDriver.findElement(org.openqa.selenium.By)&amp;quot; because &amp;quot;driver&amp;quot; is null">
      <![CDATA[java.lang.NullPointerException: Cannot invoke "org.openqa.selenium.WebDriver.findElement(org.openqa.selenium.By)" because "driver" is null
at pages.EtherscanPage.find(EtherscanPage.java:42)
at pages.EtherscanPage.click(EtherscanPage.java:47)
at etherscandemo.main.registrationWithExistingUsername(main.java:171)
at java.base/java.util.ArrayList.forEach(ArrayList.java:1511)
... Removed 25 stack frames]]>
    </failure>
  </testcase> <!-- registrationWithExistingUsername -->
  <testcase classname="etherscandemo.main" name="wrongPasswordConfirmation" time="0.0">
    <ignored/>
  </testcase> <!-- wrongPasswordConfirmation -->
  <testcase classname="etherscandemo.main" name="emptyClick" time="0.0">
    <ignored/>
  </testcase> <!-- emptyClick -->
  <testcase classname="etherscandemo.main" name="shortUsername" time="0.0">
    <ignored/>
  </testcase> <!-- shortUsername -->
  <testcase classname="etherscandemo.main" name="validEmail" time="0.0">
    <ignored/>
  </testcase> <!-- validEmail -->
  <testcase classname="etherscandemo.main" name="invalidEmail" time="0.0">
    <ignored/>
  </testcase> <!-- invalidEmail -->
  <testcase classname="etherscandemo.main" name="invalidEmailWithConfirmation" time="0.0">
    <ignored/>
  </testcase> <!-- invalidEmailWithConfirmation -->
  <testcase classname="etherscandemo.main" name="validUsername" time="0.0">
    <ignored/>
  </testcase> <!-- validUsername -->
  <testcase classname="etherscandemo.main" name="nonAlphanumericUsername" time="0.0">
    <ignored/>
  </testcase> <!-- nonAlphanumericUsername -->
  <testcase classname="etherscandemo.main" name="shortPassword" time="0.0">
    <ignored/>
  </testcase> <!-- shortPassword -->
</testsuite> <!-- Registration -->
